Flow report for AluFinal
Fri Aug 10 17:31:12 2018
Quartus II 64-Bit Version 13.0.0 Build 156 04/24/2013 SJ Web Edition


---------------------
; Table of Contents ;
---------------------
  1. Legal Notice
  2. Flow Summary
  3. Flow Settings
  4. Flow Non-Default Global Settings
  5. Flow Elapsed Time
  6. Flow OS Summary
  7. Flow Log
  8. Flow Messages
  9. Flow Suppressed Messages



----------------
; Legal Notice ;
----------------
Copyright (C) 1991-2013 Altera Corporation
Your use of Altera Corporation's design tools, logic functions 
and other software and tools, and its AMPP partner logic 
functions, and any output files from any of the foregoing 
(including device programming or simulation files), and any 
associated documentation or information are expressly subject 
to the terms and conditions of the Altera Program License 
Subscription Agreement, Altera MegaCore Function License 
Agreement, or other applicable license agreement, including, 
without limitation, that your use is for the sole purpose of 
programming logic devices manufactured by Altera and sold by 
Altera or its authorized distributors.  Please refer to the 
applicable agreement for further details.



+---------------------------------------------------------------------------------+
; Flow Summary                                                                    ;
+------------------------------------+--------------------------------------------+
; Flow Status                        ; Successful - Fri Aug 10 17:31:12 2018      ;
; Quartus II 64-Bit Version          ; 13.0.0 Build 156 04/24/2013 SJ Web Edition ;
; Revision Name                      ; AluFinal                                   ;
; Top-level Entity Name              ; AluFinal                                   ;
; Family                             ; Cyclone III                                ;
; Device                             ; EP3C16F484C6                               ;
; Timing Models                      ; Final                                      ;
; Total logic elements               ; 117 / 15,408 ( < 1 % )                     ;
;     Total combinational functions  ; 117 / 15,408 ( < 1 % )                     ;
;     Dedicated logic registers      ; 12 / 15,408 ( < 1 % )                      ;
; Total registers                    ; 12                                         ;
; Total pins                         ; 36 / 347 ( 10 % )                          ;
; Total virtual pins                 ; 0                                          ;
; Total memory bits                  ; 0 / 516,096 ( 0 % )                        ;
; Embedded Multiplier 9-bit elements ; 0 / 112 ( 0 % )                            ;
; Total PLLs                         ; 0 / 4 ( 0 % )                              ;
+------------------------------------+--------------------------------------------+


+-----------------------------------------+
; Flow Settings                           ;
+-------------------+---------------------+
; Option            ; Setting             ;
+-------------------+---------------------+
; Start date & time ; 08/10/2018 17:30:50 ;
; Main task         ; Compilation         ;
; Revision Name     ; AluFinal            ;
+-------------------+---------------------+


+----------------------------------------------------------------------------------------------------------------------+
; Flow Non-Default Global Settings                                                                                     ;
+-------------------------------------+---------------------------------+---------------+-------------+----------------+
; Assignment Name                     ; Value                           ; Default Value ; Entity Name ; Section Id     ;
+-------------------------------------+---------------------------------+---------------+-------------+----------------+
; COMPILER_SIGNATURE_ID               ; 189924304801534.153391144902904 ; --            ; --          ; --             ;
; EDA_GENERATE_FUNCTIONAL_NETLIST     ; On                              ; --            ; --          ; eda_simulation ;
; EDA_OUTPUT_DATA_FORMAT              ; Verilog Hdl                     ; --            ; --          ; eda_simulation ;
; EDA_SIMULATION_TOOL                 ; ModelSim-Altera (Verilog)       ; <None>        ; --          ; --             ;
; IP_TOOL_NAME                        ; LPM_COUNTER                     ; --            ; --          ; --             ;
; IP_TOOL_NAME                        ; LPM_COUNTER                     ; --            ; --          ; --             ;
; IP_TOOL_NAME                        ; LPM_COUNTER                     ; --            ; --          ; --             ;
; IP_TOOL_NAME                        ; LPM_COUNTER                     ; --            ; --          ; --             ;
; IP_TOOL_NAME                        ; LPM_COUNTER                     ; --            ; --          ; --             ;
; IP_TOOL_NAME                        ; LPM_COUNTER                     ; --            ; --          ; --             ;
; IP_TOOL_NAME                        ; LPM_COUNTER                     ; --            ; --          ; --             ;
; IP_TOOL_NAME                        ; LPM_MUX                         ; --            ; --          ; --             ;
; IP_TOOL_NAME                        ; LPM_MUX                         ; --            ; --          ; --             ;
; IP_TOOL_VERSION                     ; 13.0                            ; --            ; --          ; --             ;
; IP_TOOL_VERSION                     ; 13.0                            ; --            ; --          ; --             ;
; IP_TOOL_VERSION                     ; 13.0                            ; --            ; --          ; --             ;
; IP_TOOL_VERSION                     ; 13.0                            ; --            ; --          ; --             ;
; IP_TOOL_VERSION                     ; 13.0                            ; --            ; --          ; --             ;
; IP_TOOL_VERSION                     ; 13.0                            ; --            ; --          ; --             ;
; IP_TOOL_VERSION                     ; 13.0                            ; --            ; --          ; --             ;
; IP_TOOL_VERSION                     ; 13.0                            ; --            ; --          ; --             ;
; IP_TOOL_VERSION                     ; 13.0                            ; --            ; --          ; --             ;
; MAX_CORE_JUNCTION_TEMP              ; 85                              ; --            ; --          ; --             ;
; MIN_CORE_JUNCTION_TEMP              ; 0                               ; --            ; --          ; --             ;
; MISC_FILE                           ; PC.tdf                          ; --            ; --          ; --             ;
; MISC_FILE                           ; PC.bsf                          ; --            ; --          ; --             ;
; MISC_FILE                           ; PC.inc                          ; --            ; --          ; --             ;
; MISC_FILE                           ; DR.tdf                          ; --            ; --          ; --             ;
; MISC_FILE                           ; DR.bsf                          ; --            ; --          ; --             ;
; MISC_FILE                           ; DR.inc                          ; --            ; --          ; --             ;
; MISC_FILE                           ; AC.tdf                          ; --            ; --          ; --             ;
; MISC_FILE                           ; AC.bsf                          ; --            ; --          ; --             ;
; MISC_FILE                           ; AC.inc                          ; --            ; --          ; --             ;
; MISC_FILE                           ; AR.tdf                          ; --            ; --          ; --             ;
; MISC_FILE                           ; AR.bsf                          ; --            ; --          ; --             ;
; MISC_FILE                           ; AR.inc                          ; --            ; --          ; --             ;
; MISC_FILE                           ; R1.tdf                          ; --            ; --          ; --             ;
; MISC_FILE                           ; R1.bsf                          ; --            ; --          ; --             ;
; MISC_FILE                           ; R1.inc                          ; --            ; --          ; --             ;
; MISC_FILE                           ; R2.tdf                          ; --            ; --          ; --             ;
; MISC_FILE                           ; R2.bsf                          ; --            ; --          ; --             ;
; MISC_FILE                           ; R2.inc                          ; --            ; --          ; --             ;
; MISC_FILE                           ; R3.tdf                          ; --            ; --          ; --             ;
; MISC_FILE                           ; R3.bsf                          ; --            ; --          ; --             ;
; MISC_FILE                           ; R3.inc                          ; --            ; --          ; --             ;
; MISC_FILE                           ; mux1.tdf                        ; --            ; --          ; --             ;
; MISC_FILE                           ; mux1.bsf                        ; --            ; --          ; --             ;
; MISC_FILE                           ; mux1.inc                        ; --            ; --          ; --             ;
; MISC_FILE                           ; Mux2.tdf                        ; --            ; --          ; --             ;
; MISC_FILE                           ; Mux2.bsf                        ; --            ; --          ; --             ;
; MISC_FILE                           ; Mux2.inc                        ; --            ; --          ; --             ;
; NOMINAL_CORE_SUPPLY_VOLTAGE         ; 1.2V                            ; --            ; --          ; --             ;
; PARTITION_COLOR                     ; 16764057                        ; --            ; --          ; Top            ;
; PARTITION_FITTER_PRESERVATION_LEVEL ; PLACEMENT_AND_ROUTING           ; --            ; --          ; Top            ;
; PARTITION_NETLIST_TYPE              ; SOURCE                          ; --            ; --          ; Top            ;
; PROJECT_OUTPUT_DIRECTORY            ; output_files                    ; --            ; --          ; --             ;
+-------------------------------------+---------------------------------+---------------+-------------+----------------+


+-------------------------------------------------------------------------------------------------------------------------------+
; Flow Elapsed Time                                                                                                             ;
+---------------------------+--------------+-------------------------+---------------------+------------------------------------+
; Module Name               ; Elapsed Time ; Average Processors Used ; Peak Virtual Memory ; Total CPU Time (on all processors) ;
+---------------------------+--------------+-------------------------+---------------------+------------------------------------+
; Analysis & Synthesis      ; 00:00:03     ; 1.0                     ; 4617 MB             ; 00:00:03                           ;
; Fitter                    ; 00:00:10     ; 1.0                     ; 4919 MB             ; 00:00:10                           ;
; Assembler                 ; 00:00:02     ; 1.0                     ; 4560 MB             ; 00:00:02                           ;
; TimeQuest Timing Analyzer ; 00:00:03     ; 1.0                     ; 4604 MB             ; 00:00:02                           ;
; EDA Netlist Writer        ; 00:00:00     ; 1.0                     ; 4517 MB             ; 00:00:01                           ;
; Total                     ; 00:00:18     ; --                      ; --                  ; 00:00:18                           ;
+---------------------------+--------------+-------------------------+---------------------+------------------------------------+


+----------------------------------------------------------------------------------------+
; Flow OS Summary                                                                        ;
+---------------------------+------------------+-----------+------------+----------------+
; Module Name               ; Machine Hostname ; OS Name   ; OS Version ; Processor type ;
+---------------------------+------------------+-----------+------------+----------------+
; Analysis & Synthesis      ; DESKTOP-M0RCSN4  ; Windows 7 ; 6.2        ; x86_64         ;
; Fitter                    ; DESKTOP-M0RCSN4  ; Windows 7 ; 6.2        ; x86_64         ;
; Assembler                 ; DESKTOP-M0RCSN4  ; Windows 7 ; 6.2        ; x86_64         ;
; TimeQuest Timing Analyzer ; DESKTOP-M0RCSN4  ; Windows 7 ; 6.2        ; x86_64         ;
; EDA Netlist Writer        ; DESKTOP-M0RCSN4  ; Windows 7 ; 6.2        ; x86_64         ;
+---------------------------+------------------+-----------+------------+----------------+


------------
; Flow Log ;
------------
quartus_map --read_settings_files=on --write_settings_files=off AluFinal -c AluFinal
quartus_fit --read_settings_files=off --write_settings_files=off AluFinal -c AluFinal
quartus_asm --read_settings_files=off --write_settings_files=off AluFinal -c AluFinal
quartus_sta AluFinal -c AluFinal
quartus_eda --read_settings_files=off --write_settings_files=off AluFinal -c AluFinal



